TN:
SF:src/bootstrap.ts
FN:9,bootstrap
FNF:1
FNH:1
FNDA:5,bootstrap
DA:1,1
DA:2,1
DA:3,1
DA:4,1
DA:5,1
DA:6,1
DA:7,1
DA:8,1
DA:9,1
DA:10,5
DA:11,5
DA:12,5
DA:13,5
DA:14,5
DA:15,5
DA:16,5
DA:17,5
DA:18,5
DA:19,5
DA:20,1
DA:21,1
LF:21
LH:21
BRDA:9,0,0,5
BRDA:9,1,0,5
BRF:2
BRH:2
end_of_record
TN:
SF:src/modules/commons/commons.module.ts
FN:9,initialize
FNF:1
FNH:1
FNDA:5,initialize
DA:1,1
DA:2,1
DA:3,1
DA:4,1
DA:5,1
DA:6,1
DA:7,1
DA:8,1
DA:9,1
DA:10,5
DA:11,5
DA:12,5
DA:13,5
DA:14,5
DA:15,5
DA:16,5
DA:17,5
DA:18,5
DA:19,5
DA:20,5
DA:21,5
DA:22,1
LF:22
LH:22
BRDA:9,0,0,5
BRDA:10,1,0,5
BRF:2
BRH:2
end_of_record
TN:
SF:src/modules/commons/domain/ioc/container.builder.ts
FN:6,build
FNF:1
FNH:1
FNDA:5,build
DA:1,1
DA:2,1
DA:3,1
DA:4,1
DA:5,1
DA:6,1
DA:7,5
DA:8,5
DA:9,5
DA:10,5
DA:11,1
LF:11
LH:11
BRDA:6,0,0,5
BRF:1
BRH:1
end_of_record
TN:
SF:src/modules/commons/domain/modules/module.loader.ts
FN:5,ModuleLoader
FN:7,initialize
FNF:2
FNH:2
FNDA:5,ModuleLoader
FNDA:5,initialize
DA:1,1
DA:2,1
DA:3,1
DA:4,1
DA:5,1
DA:6,1
DA:7,1
DA:8,5
DA:9,10
DA:10,10
DA:11,5
DA:12,1
LF:12
LH:12
BRDA:5,0,0,5
BRDA:7,1,0,5
BRDA:8,2,0,10
BRF:3
BRH:3
end_of_record
TN:
SF:src/modules/commons/domain/repositories/base.repository.ts
FN:15,setModel
FN:19,setMapper
FN:23,getAll
FN:27,getDetail
FN:31,create
FN:37,delete
FN:42,getDatailAndUpdate
FNF:7
FNH:7
FNDA:19,setModel
FNDA:19,setMapper
FNDA:3,getAll
FNDA:4,getDetail
FNDA:50,create
FNDA:1,delete
FNDA:1,getDatailAndUpdate
DA:1,1
DA:2,1
DA:3,1
DA:4,1
DA:5,1
DA:6,1
DA:7,1
DA:8,1
DA:9,1
DA:10,1
DA:11,1
DA:12,1
DA:13,1
DA:14,1
DA:15,1
DA:16,19
DA:17,19
DA:18,1
DA:19,1
DA:20,19
DA:21,19
DA:22,1
DA:23,1
DA:24,3
DA:25,3
DA:26,1
DA:27,1
DA:28,4
DA:29,4
DA:30,1
DA:31,1
DA:32,50
DA:33,50
DA:34,50
DA:35,50
DA:36,1
DA:37,1
DA:38,1
DA:39,1
DA:40,1
DA:41,1
DA:42,1
DA:43,1
DA:44,1
DA:45,1
DA:46,1
DA:47,1
LF:47
LH:47
BRDA:15,0,0,19
BRDA:19,1,0,19
BRDA:23,2,0,3
BRDA:27,3,0,4
BRDA:31,4,0,50
BRDA:37,5,0,1
BRDA:42,6,0,1
BRF:7
BRH:7
end_of_record
TN:
SF:src/modules/commons/domain/server/http-statuses.enum.ts
FNF:0
FNH:0
DA:1,1
DA:2,1
DA:3,5
DA:4,5
DA:5,5
DA:6,5
DA:7,5
DA:8,5
DA:9,5
DA:10,5
DA:11,5
DA:12,5
DA:13,5
DA:14,5
DA:15,5
DA:16,5
DA:17,5
DA:18,5
DA:19,5
DA:20,5
DA:21,5
DA:22,5
DA:23,5
DA:24,5
DA:25,5
DA:26,5
DA:27,5
DA:28,5
DA:29,5
DA:30,5
DA:31,5
DA:32,5
DA:33,5
DA:34,5
DA:35,5
DA:36,5
DA:37,5
DA:38,5
DA:39,5
DA:40,5
DA:41,5
DA:42,5
DA:43,5
DA:44,5
DA:45,5
DA:46,5
DA:47,5
DA:48,5
DA:49,5
DA:50,5
DA:51,5
DA:52,5
DA:53,5
DA:54,5
DA:55,5
DA:56,5
DA:57,5
DA:58,5
DA:59,5
DA:60,5
DA:61,5
DA:62,5
DA:63,5
DA:64,5
DA:65,5
DA:66,5
DA:67,5
LF:67
LH:67
BRDA:3,0,0,5
BRF:1
BRH:1
end_of_record
TN:
SF:src/modules/commons/domain/server/server.builder.ts
FN:12,build
FNF:1
FNH:1
FNDA:5,build
DA:1,1
DA:2,1
DA:3,1
DA:4,1
DA:5,1
DA:6,1
DA:7,1
DA:8,1
DA:9,1
DA:10,1
DA:11,1
DA:12,1
DA:13,5
DA:14,5
DA:15,5
DA:16,5
DA:17,5
DA:18,5
DA:19,5
DA:20,5
DA:21,5
DA:22,5
DA:23,5
DA:24,5
DA:25,5
DA:26,5
DA:27,5
DA:28,5
DA:29,5
DA:30,5
DA:31,5
DA:32,5
DA:33,5
DA:34,5
DA:35,5
DA:36,5
DA:37,5
DA:38,5
DA:39,5
DA:40,5
DA:41,5
DA:42,5
DA:43,5
DA:44,5
DA:45,5
DA:46,1
LF:46
LH:46
BRDA:12,0,0,5
BRDA:15,1,0,5
BRDA:18,2,0,5
BRDA:37,3,0,5
BRF:4
BRH:4
end_of_record
TN:
SF:src/modules/commons/domain/services/config.service.ts
FN:12,ConfigService
FN:19,setModuleConfigContext
FN:26,hasModuleConfig
FN:33,getModuleConfig
FN:40,hasEnv
FN:47,getEnv
FN:54,replaceEnvVars
FNF:7
FNH:6
FNDA:5,ConfigService
FNDA:10,setModuleConfigContext
FNDA:0,hasModuleConfig
FNDA:16,getModuleConfig
FNDA:11,hasEnv
FNDA:9,getEnv
FNDA:60,replaceEnvVars
DA:1,1
DA:2,1
DA:3,1
DA:4,1
DA:5,1
DA:6,1
DA:7,1
DA:8,1
DA:9,1
DA:10,1
DA:11,1
DA:12,1
DA:13,5
DA:14,5
DA:15,5
DA:16,5
DA:17,5
DA:18,1
DA:19,1
DA:20,10
DA:21,10
DA:22,10
DA:23,10
DA:24,10
DA:25,1
DA:26,1
DA:27,0
DA:28,0
DA:29,0
DA:30,0
DA:31,0
DA:32,1
DA:33,1
DA:34,16
DA:35,16
DA:36,16
DA:37,0
DA:38,0
DA:39,1
DA:40,1
DA:41,11
DA:42,2
DA:43,2
DA:44,9
DA:45,9
DA:46,1
DA:47,1
DA:48,9
DA:49,1
DA:50,1
DA:51,8
DA:52,8
DA:53,1
DA:54,1
DA:55,60
DA:56,60
DA:57,150
DA:58,105
DA:59,150
DA:60,45
DA:61,45
DA:62,150
DA:63,60
DA:64,60
DA:65,1
LF:65
LH:58
BRDA:12,0,0,5
BRDA:19,1,0,10
BRDA:33,2,0,16
BRDA:37,3,0,0
BRDA:40,4,0,11
BRDA:41,5,0,2
BRDA:44,6,0,9
BRDA:47,7,0,9
BRDA:48,8,0,1
BRDA:51,9,0,8
BRDA:54,10,0,60
BRDA:56,11,0,150
BRDA:57,12,0,105
BRDA:59,13,0,45
BRDA:58,14,0,105
BRDA:58,15,0,0
BRF:16
BRH:14
end_of_record
TN:
SF:src/modules/commons/domain/services/logger.service.ts
FN:12,LoggerService
FN:25,fatal
FN:29,error
FN:33,warn
FN:37,info
FN:41,debug
FN:45,trace
FNF:7
FNH:7
FNDA:6,LoggerService
FNDA:1,fatal
FNDA:1,error
FNDA:1,warn
FNDA:13,info
FNDA:1,debug
FNDA:1,trace
DA:1,1
DA:2,1
DA:3,1
DA:4,1
DA:5,1
DA:6,1
DA:7,1
DA:8,1
DA:9,1
DA:10,1
DA:11,1
DA:12,1
DA:13,6
DA:14,6
DA:15,6
DA:16,6
DA:17,6
DA:18,6
DA:19,6
DA:20,6
DA:21,6
DA:22,6
DA:23,6
DA:24,1
DA:25,1
DA:26,1
DA:27,1
DA:28,1
DA:29,1
DA:30,1
DA:31,1
DA:32,1
DA:33,1
DA:34,1
DA:35,1
DA:36,1
DA:37,1
DA:38,13
DA:39,13
DA:40,1
DA:41,1
DA:42,1
DA:43,1
DA:44,1
DA:45,1
DA:46,1
DA:47,1
DA:48,1
LF:48
LH:48
BRDA:12,0,0,6
BRDA:15,1,0,1
BRDA:15,2,0,5
BRDA:25,3,0,1
BRDA:29,4,0,1
BRDA:33,5,0,1
BRDA:37,6,0,13
BRDA:41,7,0,1
BRDA:45,8,0,1
BRF:9
BRH:9
end_of_record
TN:
SF:src/modules/commons/infraestructure/controllers/base.controller.ts
FN:5,json
FNF:1
FNH:1
FNDA:8,json
DA:1,1
DA:2,1
DA:3,1
DA:4,1
DA:5,1
DA:6,8
DA:7,8
DA:8,8
DA:9,5
DA:10,5
DA:11,8
DA:12,8
DA:13,8
DA:14,1
LF:14
LH:14
BRDA:5,0,0,8
BRDA:8,1,0,5
BRF:2
BRH:2
end_of_record
TN:
SF:src/modules/commons/infraestructure/ddbb/datasources/dailytrends.datasource.service.ts
FN:15,DailytrendsDatasourceService
FN:20,initializeConnection
FNF:2
FNH:2
FNDA:5,DailytrendsDatasourceService
FNDA:5,initializeConnection
DA:1,1
DA:2,1
DA:3,1
DA:4,1
DA:5,1
DA:6,1
DA:7,1
DA:8,1
DA:9,1
DA:10,1
DA:11,1
DA:12,1
DA:13,1
DA:14,1
DA:15,1
DA:16,5
DA:17,5
DA:18,5
DA:19,1
DA:20,1
DA:21,5
DA:22,5
DA:23,5
DA:24,5
DA:25,5
DA:26,5
DA:27,5
DA:28,5
DA:29,5
DA:30,5
DA:31,5
DA:32,5
DA:33,5
DA:34,5
DA:35,0
DA:36,0
DA:37,5
DA:38,1
LF:38
LH:36
BRDA:15,0,0,5
BRDA:20,1,0,5
BRDA:34,2,0,0
BRF:3
BRH:2
end_of_record
TN:
SF:src/modules/feeds/feeds.module.ts
FN:18,initialize
FNF:1
FNH:1
FNDA:5,initialize
DA:1,1
DA:2,1
DA:3,1
DA:4,1
DA:5,1
DA:6,1
DA:7,1
DA:8,1
DA:9,1
DA:10,1
DA:11,1
DA:12,1
DA:13,1
DA:14,1
DA:15,1
DA:16,1
DA:17,1
DA:18,1
DA:19,5
DA:20,5
DA:21,5
DA:22,5
DA:23,5
DA:24,5
DA:25,5
DA:26,5
DA:27,5
DA:28,5
DA:29,5
DA:30,5
DA:31,5
DA:32,5
DA:33,5
DA:34,5
DA:35,5
DA:36,1
LF:36
LH:36
BRDA:18,0,0,5
BRDA:19,1,0,5
BRF:2
BRH:2
end_of_record
TN:
SF:src/modules/feeds/application/commands/create-feed.command.ts
FN:12,CreateFeedCommand
FN:16,run
FNF:2
FNH:2
FNDA:5,CreateFeedCommand
FNDA:1,run
DA:1,1
DA:2,1
DA:3,1
DA:4,1
DA:5,1
DA:6,1
DA:7,1
DA:8,1
DA:9,1
DA:10,1
DA:11,1
DA:12,1
DA:13,5
DA:14,5
DA:15,1
DA:16,1
DA:17,1
DA:18,1
DA:19,1
DA:20,1
LF:20
LH:20
BRDA:12,0,0,5
BRDA:16,1,0,1
BRF:2
BRH:2
end_of_record
TN:
SF:src/modules/feeds/application/commands/delete-feed.command.ts
FN:12,DeleteFeedCommand
FN:16,run
FNF:2
FNH:2
FNDA:5,DeleteFeedCommand
FNDA:1,run
DA:1,1
DA:2,1
DA:3,1
DA:4,1
DA:5,1
DA:6,1
DA:7,1
DA:8,1
DA:9,1
DA:10,1
DA:11,1
DA:12,1
DA:13,5
DA:14,5
DA:15,1
DA:16,1
DA:17,1
DA:18,1
DA:19,1
LF:19
LH:19
BRDA:12,0,0,5
BRDA:16,1,0,1
BRF:2
BRH:2
end_of_record
TN:
SF:src/modules/feeds/application/commands/seed-feeds.command.ts
FN:10,SeedFeedsCommand
FN:14,run
FNF:2
FNH:2
FNDA:1,SeedFeedsCommand
FNDA:1,run
DA:1,1
DA:2,1
DA:3,1
DA:4,1
DA:5,1
DA:6,1
DA:7,1
DA:8,1
DA:9,1
DA:10,1
DA:11,1
DA:12,1
DA:13,1
DA:14,1
DA:15,1
DA:16,1
DA:17,1
LF:17
LH:17
BRDA:10,0,0,1
BRDA:14,1,0,1
BRF:2
BRH:2
end_of_record
TN:
SF:src/modules/feeds/application/commands/update-feed.command.ts
FN:15,UpdateFeedCommand
FN:20,run
FNF:2
FNH:2
FNDA:5,UpdateFeedCommand
FNDA:1,run
DA:1,1
DA:2,1
DA:3,1
DA:4,1
DA:5,1
DA:6,1
DA:7,1
DA:8,1
DA:9,1
DA:10,1
DA:11,1
DA:12,1
DA:13,1
DA:14,1
DA:15,1
DA:16,5
DA:17,5
DA:18,5
DA:19,1
DA:20,1
DA:21,1
DA:22,1
DA:23,1
DA:24,1
LF:24
LH:24
BRDA:15,0,0,5
BRDA:20,1,0,1
BRF:2
BRH:2
end_of_record
TN:
SF:src/modules/feeds/application/flow/read-feeds-and-save-news.flow.ts
FN:12,ReadFeedsAndSaveNewsFlow
FN:17,run
FNF:2
FNH:2
FNDA:1,ReadFeedsAndSaveNewsFlow
FNDA:1,run
DA:1,1
DA:2,1
DA:3,1
DA:4,1
DA:5,1
DA:6,1
DA:7,1
DA:8,1
DA:9,1
DA:10,1
DA:11,1
DA:12,1
DA:13,1
DA:14,1
DA:15,1
DA:16,1
DA:17,1
DA:18,1
DA:19,1
DA:20,52
DA:21,49
DA:22,49
DA:23,52
DA:24,1
DA:25,1
LF:25
LH:25
BRDA:12,0,0,1
BRDA:17,1,0,1
BRDA:19,2,0,52
BRDA:20,3,0,50
BRDA:20,4,0,49
BRDA:20,5,0,49
BRDA:20,6,0,49
BRF:7
BRH:7
end_of_record
TN:
SF:src/modules/feeds/application/queries/get-all-feeds.query.ts
FN:10,GetAllFeedsQuery
FN:14,run
FNF:2
FNH:2
FNDA:5,GetAllFeedsQuery
FNDA:1,run
DA:1,1
DA:2,1
DA:3,1
DA:4,1
DA:5,1
DA:6,1
DA:7,1
DA:8,1
DA:9,1
DA:10,1
DA:11,5
DA:12,5
DA:13,1
DA:14,1
DA:15,1
DA:16,1
DA:17,1
LF:17
LH:17
BRDA:10,0,0,5
BRDA:14,1,0,1
BRF:2
BRH:2
end_of_record
TN:
SF:src/modules/feeds/application/queries/get-feed-by-id.query.ts
FN:11,GetFeedByIdQuery
FN:15,run
FNF:2
FNH:2
FNDA:5,GetFeedByIdQuery
FNDA:4,run
DA:1,1
DA:2,1
DA:3,1
DA:4,1
DA:5,1
DA:6,1
DA:7,1
DA:8,1
DA:9,1
DA:10,1
DA:11,1
DA:12,5
DA:13,5
DA:14,1
DA:15,1
DA:16,4
DA:17,4
DA:18,1
LF:18
LH:18
BRDA:11,0,0,5
BRDA:15,1,0,4
BRF:2
BRH:2
end_of_record
TN:
SF:src/modules/feeds/application/queries/read-feeds.query.ts
FN:10,ReadFeedsQuery
FN:14,run
FNF:2
FNH:2
FNDA:1,ReadFeedsQuery
FNDA:2,run
DA:1,1
DA:2,1
DA:3,1
DA:4,1
DA:5,1
DA:6,1
DA:7,1
DA:8,1
DA:9,1
DA:10,1
DA:11,1
DA:12,1
DA:13,1
DA:14,1
DA:15,2
DA:16,2
DA:17,1
LF:17
LH:17
BRDA:10,0,0,1
BRDA:14,1,0,2
BRF:2
BRH:2
end_of_record
TN:
SF:src/modules/feeds/domain/feed.domain.ts
FN:8,FeedDomain
FN:19,getName
FN:23,getId
FN:27,getUrl
FN:31,getSelectors
FN:35,setId
FN:39,setName
FN:43,setUrl
FN:47,setSelectors
FN:51,toJSON
FNF:10
FNH:6
FNDA:18,FeedDomain
FNDA:5,getName
FNDA:9,getId
FNDA:5,getUrl
FNDA:5,getSelectors
FNDA:0,setId
FNDA:0,setName
FNDA:0,setUrl
FNDA:0,setSelectors
FNDA:6,toJSON
DA:1,1
DA:2,1
DA:3,1
DA:4,1
DA:5,1
DA:6,1
DA:7,1
DA:8,1
DA:9,18
DA:10,18
DA:11,18
DA:12,18
DA:13,18
DA:14,18
DA:15,18
DA:16,18
DA:17,18
DA:18,1
DA:19,1
DA:20,5
DA:21,5
DA:22,1
DA:23,1
DA:24,9
DA:25,9
DA:26,1
DA:27,1
DA:28,5
DA:29,5
DA:30,1
DA:31,1
DA:32,5
DA:33,5
DA:34,1
DA:35,1
DA:36,0
DA:37,0
DA:38,1
DA:39,1
DA:40,0
DA:41,0
DA:42,1
DA:43,1
DA:44,0
DA:45,0
DA:46,1
DA:47,1
DA:48,0
DA:49,0
DA:50,1
DA:51,1
DA:52,6
DA:53,6
DA:54,6
DA:55,6
DA:56,6
DA:57,6
DA:58,6
DA:59,1
LF:59
LH:51
BRDA:8,0,0,18
BRDA:19,1,0,5
BRDA:23,2,0,9
BRDA:27,3,0,5
BRDA:31,4,0,5
BRDA:51,5,0,6
BRF:6
BRH:6
end_of_record
TN:
SF:src/modules/feeds/domain/reader/feed.reader.ts
FN:14,FeedReader
FN:28,initializeReader
FN:34,getSelectors
FN:38,read
FNF:4
FNH:3
FNDA:18,FeedReader
FNDA:4,initializeReader
FNDA:0,getSelectors
FNDA:4,read
DA:1,1
DA:2,1
DA:3,1
DA:4,1
DA:5,1
DA:6,1
DA:7,1
DA:8,1
DA:9,1
DA:10,1
DA:11,1
DA:12,1
DA:13,1
DA:14,1
DA:15,18
DA:16,18
DA:17,18
DA:18,54
DA:19,54
DA:20,54
DA:21,54
DA:22,54
DA:23,54
DA:24,54
DA:25,54
DA:26,18
DA:27,1
DA:28,1
DA:29,4
DA:30,4
DA:31,4
DA:32,4
DA:33,1
DA:34,1
DA:35,0
DA:36,0
DA:37,1
DA:38,1
DA:39,4
DA:40,4
DA:41,12
DA:42,12
DA:43,12
DA:44,12
DA:45,12
DA:46,0
DA:47,0
DA:48,0
DA:49,0
DA:50,12
DA:51,12
DA:52,12
DA:53,12
DA:54,12
DA:55,12
DA:56,4
DA:57,4
DA:58,4
DA:59,12
DA:60,12
DA:61,12
DA:62,304
DA:63,200
DA:64,0
DA:65,200
DA:66,200
DA:67,200
DA:68,200
DA:69,304
DA:70,104
DA:71,104
DA:72,104
DA:73,104
DA:74,304
DA:75,12
DA:76,4
DA:77,4
DA:78,1
LF:78
LH:71
BRDA:14,0,0,18
BRDA:17,1,0,54
BRDA:28,2,0,4
BRDA:38,3,0,4
BRDA:40,4,0,12
BRDA:58,5,0,12
BRDA:61,6,0,304
BRDA:62,7,0,200
BRDA:63,8,0,0
BRDA:69,9,0,104
BRF:10
BRH:9
end_of_record
TN:
SF:src/modules/feeds/domain/reader/selectors/css-selector.ts
FN:3,CssSelector
FN:9,setValue
FN:13,getValue
FN:17,getFieldName
FN:21,getCssQuery
FN:25,getAttribute
FNF:6
FNH:6
FNDA:54,CssSelector
FNDA:12,setValue
FNDA:316,getValue
FNDA:1020,getFieldName
FNDA:12,getCssQuery
FNDA:12,getAttribute
DA:1,1
DA:2,1
DA:3,1
DA:4,54
DA:5,54
DA:6,54
DA:7,54
DA:8,1
DA:9,1
DA:10,12
DA:11,12
DA:12,1
DA:13,1
DA:14,316
DA:15,316
DA:16,1
DA:17,1
DA:18,1020
DA:19,1020
DA:20,1
DA:21,1
DA:22,12
DA:23,12
DA:24,1
DA:25,1
DA:26,12
DA:27,12
DA:28,1
LF:28
LH:28
BRDA:3,0,0,54
BRDA:9,1,0,12
BRDA:13,2,0,316
BRDA:17,3,0,1020
BRDA:21,4,0,12
BRDA:25,5,0,12
BRF:6
BRH:6
end_of_record
TN:
SF:src/modules/feeds/domain/services/feed.mapper.service.ts
FN:15,FeedMapperService
FN:19,toDomain
FN:32,toDomains
FN:41,toSchema
FNF:4
FNH:4
FNDA:5,FeedMapperService
FNDA:16,toDomain
FNDA:4,toDomains
FNDA:2,toSchema
DA:1,1
DA:2,1
DA:3,1
DA:4,1
DA:5,1
DA:6,1
DA:7,1
DA:8,1
DA:9,1
DA:10,1
DA:11,1
DA:12,1
DA:13,1
DA:14,1
DA:15,1
DA:16,5
DA:17,5
DA:18,1
DA:19,1
DA:20,16
DA:21,1
DA:22,1
DA:23,15
DA:24,15
DA:25,15
DA:26,15
DA:27,15
DA:28,15
DA:29,15
DA:30,15
DA:31,1
DA:32,1
DA:33,4
DA:34,4
DA:35,8
DA:36,8
DA:37,4
DA:38,4
DA:39,4
DA:40,1
DA:41,1
DA:42,2
DA:43,2
DA:44,2
DA:45,2
DA:46,2
DA:47,2
DA:48,2
DA:49,1
DA:50,1
LF:50
LH:50
BRDA:15,0,0,5
BRDA:19,1,0,16
BRDA:20,2,0,1
BRDA:23,3,0,15
BRDA:32,4,0,4
BRDA:34,5,0,8
BRDA:41,6,0,2
BRF:7
BRH:7
end_of_record
TN:
SF:src/modules/feeds/infraestructure/adapters/repository/mongoose.feed.repository.ts
FN:21,MongooseFeedRepository
FN:31,createFeed
FN:35,deleteFeed
FN:39,getAllFeeds
FN:43,getFeed
FN:47,updateFeed
FN:51,seedFeeds
FN:61,readFeeds
FN:82,log
FNF:9
FNH:9
FNDA:5,MongooseFeedRepository
FNDA:1,createFeed
FNDA:1,deleteFeed
FNDA:3,getAllFeeds
FNDA:4,getFeed
FNDA:1,updateFeed
FNDA:1,seedFeeds
FNDA:2,readFeeds
FNDA:2,log
DA:1,1
DA:2,1
DA:3,1
DA:4,1
DA:5,1
DA:6,1
DA:7,1
DA:8,1
DA:9,1
DA:10,1
DA:11,1
DA:12,1
DA:13,1
DA:14,1
DA:15,1
DA:16,1
DA:17,1
DA:18,1
DA:19,1
DA:20,1
DA:21,1
DA:22,5
DA:23,5
DA:24,5
DA:25,5
DA:26,5
DA:27,5
DA:28,5
DA:29,5
DA:30,1
DA:31,1
DA:32,1
DA:33,1
DA:34,1
DA:35,1
DA:36,1
DA:37,1
DA:38,1
DA:39,1
DA:40,3
DA:41,3
DA:42,1
DA:43,1
DA:44,4
DA:45,4
DA:46,1
DA:47,1
DA:48,1
DA:49,1
DA:50,1
DA:51,1
DA:52,1
DA:53,1
DA:54,1
DA:55,1
DA:56,1
DA:57,1
DA:58,1
DA:59,1
DA:60,1
DA:61,1
DA:62,2
DA:63,2
DA:64,2
DA:65,2
DA:66,4
DA:67,4
DA:68,4
DA:69,4
DA:70,2
DA:71,4
DA:72,4
DA:73,104
DA:74,104
DA:75,104
DA:76,104
DA:77,104
DA:78,4
DA:79,2
DA:80,2
DA:81,1
DA:82,1
DA:83,2
DA:84,0
DA:85,2
DA:86,2
DA:87,2
DA:88,2
DA:89,1
LF:89
LH:88
BRDA:21,0,0,5
BRDA:31,1,0,1
BRDA:35,2,0,1
BRDA:39,3,0,3
BRDA:43,4,0,4
BRDA:47,5,0,1
BRDA:51,6,0,1
BRDA:61,7,0,2
BRDA:65,8,0,4
BRDA:70,9,0,4
BRDA:72,10,0,104
BRDA:82,11,0,2
BRDA:83,12,0,0
BRF:13
BRH:12
end_of_record
TN:
SF:src/modules/feeds/infraestructure/adapters/schema/feed.schema.ts
FNF:0
FNH:0
DA:1,1
DA:2,1
DA:3,1
DA:4,1
DA:5,1
DA:6,1
DA:7,1
DA:8,1
DA:9,1
DA:10,1
DA:11,1
DA:12,1
DA:13,1
DA:14,1
DA:15,1
DA:16,1
DA:17,1
DA:18,1
DA:19,1
DA:20,1
DA:21,1
DA:22,1
LF:22
LH:22
BRF:0
BRH:0
end_of_record
TN:
SF:src/modules/feeds/infraestructure/controllers/feed.controller.ts
FN:38,FeedController
FN:48,list
FN:53,listNewsByFeedId
FN:64,detail
FN:75,create
FN:88,update
FN:106,delete
FNF:7
FNH:7
FNDA:13,FeedController
FNDA:1,list
FNDA:1,listNewsByFeedId
FNDA:3,detail
FNDA:1,create
FNDA:1,update
FNDA:1,delete
DA:1,1
DA:2,1
DA:3,1
DA:4,1
DA:5,1
DA:6,1
DA:7,1
DA:8,1
DA:9,1
DA:10,1
DA:11,1
DA:12,1
DA:13,1
DA:14,1
DA:15,1
DA:16,1
DA:17,1
DA:18,1
DA:19,1
DA:20,1
DA:21,1
DA:22,1
DA:23,1
DA:24,1
DA:25,1
DA:26,1
DA:27,1
DA:28,1
DA:29,1
DA:30,1
DA:31,1
DA:32,1
DA:33,1
DA:34,1
DA:35,1
DA:36,1
DA:37,1
DA:38,1
DA:39,13
DA:40,13
DA:41,13
DA:42,13
DA:43,13
DA:44,13
DA:45,13
DA:46,13
DA:47,1
DA:48,1
DA:49,1
DA:50,1
DA:51,1
DA:52,1
DA:53,1
DA:54,1
DA:55,1
DA:56,1
DA:57,1
DA:58,0
DA:59,0
DA:60,1
DA:61,1
DA:62,1
DA:63,1
DA:64,1
DA:65,3
DA:66,3
DA:67,3
DA:68,3
DA:69,1
DA:70,1
DA:71,2
DA:72,2
DA:73,1
DA:74,1
DA:75,1
DA:76,1
DA:77,1
DA:78,1
DA:79,1
DA:80,1
DA:81,1
DA:82,1
DA:83,0
DA:84,0
DA:85,1
DA:86,1
DA:87,1
DA:88,1
DA:89,1
DA:90,1
DA:91,1
DA:92,1
DA:93,1
DA:94,1
DA:95,1
DA:96,1
DA:97,1
DA:98,1
DA:99,1
DA:100,0
DA:101,0
DA:102,0
DA:103,1
DA:104,1
DA:105,1
DA:106,1
DA:107,1
DA:108,1
DA:109,1
LF:109
LH:102
BRDA:38,0,0,13
BRDA:48,1,0,1
BRDA:53,2,0,1
BRDA:57,3,0,0
BRDA:64,4,0,3
BRDA:68,5,0,1
BRDA:71,6,0,2
BRDA:75,7,0,1
BRDA:82,8,0,0
BRDA:88,9,0,1
BRDA:99,10,0,0
BRDA:106,11,0,1
BRF:12
BRH:9
end_of_record
TN:
SF:src/modules/feeds/infraestructure/dtos/create-feed.dto.ts
FNF:0
FNH:0
DA:1,1
DA:2,1
DA:3,1
DA:4,1
DA:5,1
DA:6,1
DA:7,1
DA:8,1
DA:9,1
DA:10,1
DA:11,1
DA:12,1
DA:13,1
DA:14,1
DA:15,1
DA:16,1
LF:16
LH:16
BRF:0
BRH:0
end_of_record
TN:
SF:src/modules/news/application/commands/create-new.command.ts
FN:12,CreateNewCommand
FN:16,run
FNF:2
FNH:2
FNDA:1,CreateNewCommand
FNDA:49,run
DA:1,1
DA:2,1
DA:3,1
DA:4,1
DA:5,1
DA:6,1
DA:7,1
DA:8,1
DA:9,1
DA:10,1
DA:11,1
DA:12,1
DA:13,1
DA:14,1
DA:15,1
DA:16,1
DA:17,49
DA:18,49
DA:19,49
DA:20,49
DA:21,49
DA:22,49
DA:23,49
DA:24,49
DA:25,49
DA:26,1
LF:26
LH:26
BRDA:12,0,0,1
BRDA:16,1,0,49
BRF:2
BRH:2
end_of_record
TN:
SF:src/modules/news/application/queries/get-news-by-feed-id.query.ts
FN:11,GetNewsByFeedIdQuery
FN:15,run
FNF:2
FNH:2
FNDA:13,GetNewsByFeedIdQuery
FNDA:1,run
DA:1,1
DA:2,1
DA:3,1
DA:4,1
DA:5,1
DA:6,1
DA:7,1
DA:8,1
DA:9,1
DA:10,1
DA:11,1
DA:12,13
DA:13,13
DA:14,1
DA:15,1
DA:16,1
DA:17,1
DA:18,1
LF:18
LH:18
BRDA:11,0,0,13
BRDA:15,1,0,1
BRF:2
BRH:2
end_of_record
TN:
SF:src/modules/news/domain/new.domain.ts
FN:10,NewDomain
FN:26,getId
FN:30,setId
FN:34,getAuthor
FN:38,setAuthor
FN:42,getTitle
FN:46,setTitle
FN:50,getLink
FN:54,setLink
FN:59,getFeedId
FN:63,setFeedId
FN:67,toJSON
FNF:12
FNH:6
FNDA:148,NewDomain
FNDA:53,getId
FNDA:0,setId
FNDA:53,getAuthor
FNDA:0,setAuthor
FNDA:53,getTitle
FNDA:0,setTitle
FNDA:53,getLink
FNDA:0,setLink
FNDA:53,getFeedId
FNDA:0,setFeedId
FNDA:0,toJSON
DA:1,1
DA:2,1
DA:3,1
DA:4,1
DA:5,1
DA:6,1
DA:7,1
DA:8,1
DA:9,1
DA:10,1
DA:11,148
DA:12,148
DA:13,148
DA:14,148
DA:15,148
DA:16,148
DA:17,148
DA:18,148
DA:19,148
DA:20,148
DA:21,148
DA:22,148
DA:23,148
DA:24,1
DA:25,1
DA:26,1
DA:27,53
DA:28,53
DA:29,1
DA:30,1
DA:31,0
DA:32,0
DA:33,1
DA:34,1
DA:35,53
DA:36,53
DA:37,1
DA:38,1
DA:39,0
DA:40,0
DA:41,1
DA:42,1
DA:43,53
DA:44,53
DA:45,1
DA:46,1
DA:47,0
DA:48,0
DA:49,1
DA:50,1
DA:51,53
DA:52,53
DA:53,1
DA:54,1
DA:55,0
DA:56,0
DA:57,1
DA:58,1
DA:59,1
DA:60,53
DA:61,53
DA:62,1
DA:63,1
DA:64,0
DA:65,0
DA:66,1
DA:67,1
DA:68,0
DA:69,0
DA:70,0
DA:71,0
DA:72,0
DA:73,0
DA:74,0
DA:75,0
DA:76,1
LF:76
LH:58
BRDA:10,0,0,148
BRDA:26,1,0,53
BRDA:34,2,0,53
BRDA:42,3,0,53
BRDA:50,4,0,53
BRDA:59,5,0,53
BRF:6
BRH:6
end_of_record
TN:
SF:src/modules/news/domain/services/new.mapper.service.ts
FN:15,NewMapperService
FN:19,toDomain
FN:33,toDomains
FN:42,toSchema
FNF:4
FNH:4
FNDA:15,NewMapperService
FNDA:98,toDomain
FNDA:1,toDomains
FNDA:50,toSchema
DA:1,1
DA:2,1
DA:3,1
DA:4,1
DA:5,1
DA:6,1
DA:7,1
DA:8,1
DA:9,1
DA:10,1
DA:11,1
DA:12,1
DA:13,1
DA:14,1
DA:15,1
DA:16,15
DA:17,15
DA:18,1
DA:19,1
DA:20,98
DA:21,0
DA:22,0
DA:23,98
DA:24,98
DA:25,98
DA:26,98
DA:27,98
DA:28,98
DA:29,98
DA:30,98
DA:31,98
DA:32,1
DA:33,1
DA:34,1
DA:35,1
DA:36,2
DA:37,2
DA:38,1
DA:39,1
DA:40,1
DA:41,1
DA:42,1
DA:43,50
DA:44,50
DA:45,50
DA:46,50
DA:47,50
DA:48,50
DA:49,50
DA:50,50
DA:51,1
DA:52,1
LF:52
LH:50
BRDA:15,0,0,15
BRDA:19,1,0,98
BRDA:20,2,0,0
BRDA:33,3,0,1
BRDA:35,4,0,2
BRDA:42,5,0,50
BRF:6
BRH:5
end_of_record
TN:
SF:src/modules/news/infraestructure/adapters/repository/mongoose.new.repository.ts
FN:20,MongooseNewRepository
FN:30,createNew
FN:34,deleteNew
FN:38,getAllNews
FN:42,getNew
FN:46,updateNew
FN:50,getNewsByFeedId
FNF:7
FNH:3
FNDA:14,MongooseNewRepository
FNDA:49,createNew
FNDA:0,deleteNew
FNDA:0,getAllNews
FNDA:0,getNew
FNDA:0,updateNew
FNDA:1,getNewsByFeedId
DA:1,1
DA:2,1
DA:3,1
DA:4,1
DA:5,1
DA:6,1
DA:7,1
DA:8,1
DA:9,1
DA:10,1
DA:11,1
DA:12,1
DA:13,1
DA:14,1
DA:15,1
DA:16,1
DA:17,1
DA:18,1
DA:19,1
DA:20,1
DA:21,14
DA:22,14
DA:23,14
DA:24,14
DA:25,14
DA:26,14
DA:27,14
DA:28,14
DA:29,1
DA:30,1
DA:31,49
DA:32,49
DA:33,1
DA:34,1
DA:35,0
DA:36,0
DA:37,1
DA:38,1
DA:39,0
DA:40,0
DA:41,1
DA:42,1
DA:43,0
DA:44,0
DA:45,1
DA:46,1
DA:47,0
DA:48,0
DA:49,1
DA:50,1
DA:51,1
DA:52,1
DA:53,1
DA:54,1
LF:54
LH:46
BRDA:20,0,0,14
BRDA:30,1,0,49
BRDA:50,2,0,1
BRDA:52,3,0,46
BRF:4
BRH:4
end_of_record
TN:
SF:src/modules/news/infraestructure/adapters/schema/new.schema.ts
FNF:0
FNH:0
DA:1,1
DA:2,1
DA:3,1
DA:4,1
DA:5,1
DA:6,1
DA:7,1
DA:8,1
DA:9,1
DA:10,1
DA:11,1
DA:12,1
DA:13,1
DA:14,1
DA:15,1
DA:16,1
DA:17,1
DA:18,1
DA:19,1
DA:20,1
DA:21,1
DA:22,1
DA:23,1
DA:24,1
DA:25,1
LF:25
LH:25
BRF:0
BRH:0
end_of_record
TN:
SF:test/bootstrap.ts
FN:22,bootstrap
FN:51,tearDown
FNF:2
FNH:2
FNDA:5,bootstrap
FNDA:5,tearDown
DA:1,1
DA:2,1
DA:3,1
DA:4,1
DA:5,1
DA:6,1
DA:7,1
DA:8,1
DA:9,1
DA:10,1
DA:11,1
DA:12,1
DA:13,1
DA:14,1
DA:15,1
DA:16,1
DA:17,1
DA:18,1
DA:19,1
DA:20,1
DA:21,1
DA:22,1
DA:23,5
DA:24,5
DA:25,5
DA:26,5
DA:27,5
DA:28,5
DA:29,5
DA:30,5
DA:31,5
DA:32,5
DA:33,5
DA:34,5
DA:35,5
DA:36,5
DA:37,1
DA:38,1
DA:39,1
DA:40,0
DA:41,0
DA:42,1
DA:43,1
DA:44,0
DA:45,0
DA:46,1
DA:47,5
DA:48,5
DA:49,5
DA:50,5
DA:51,1
DA:52,5
DA:53,5
DA:54,5
DA:55,5
DA:56,5
DA:57,5
DA:58,5
DA:59,5
DA:60,5
LF:60
LH:56
BRDA:22,0,0,5
BRDA:22,1,0,5
BRDA:36,2,0,1
BRDA:39,3,0,0
BRDA:43,4,0,0
BRDA:51,5,0,5
BRDA:51,6,0,5
BRF:7
BRH:5
end_of_record
